<?xml version="1.0" encoding="UTF-8"?>
<!-- Generated by org.testng.reporters.JUnitXMLReporter -->
<testsuite ignored="0" hostname="LAPTOP-Q750IRBE" failures="0" tests="6" name="Default test" time="13.714" errors="0" timestamp="2023-07-07T15:42:34 IST">
  <testcase classname="api.tests.DDTests" name="postTestUser" time="4.262"/>
  <testcase classname="api.tests.DDTests" name="postTestUser" time="1.701"/>
  <testcase classname="api.tests.DDTests" name="postTestUser" time="1.84"/>
  <testcase classname="api.tests.DDTests" name="deleteUsernames" time="1.567"/>
  <testcase classname="api.tests.DDTests" name="deleteUsernames" time="1.636"/>
  <testcase classname="api.tests.DDTests" name="deleteUsernames" time="1.535"/>
</testsuite> <!-- Default test -->
