<?xml version="1.0" encoding="UTF-8"?>
<!-- Generated by org.testng.reporters.JUnitXMLReporter -->
<testsuite ignored="0" hostname="LAPTOP-Q750IRBE" failures="0" tests="10" name="Test" time="21.702" errors="0" timestamp="2023-07-07T22:12:20 IST">
  <testcase classname="api.tests.UserTest" name="testPostUser" time="3.349"/>
  <testcase classname="api.tests.UserTest" name="testGetUser" time="1.753"/>
  <testcase classname="api.tests.UserTest" name="testPutUser" time="3.529"/>
  <testcase classname="api.tests.UserTest" name="testDeleteUser" time="1.235"/>
  <testcase classname="api.tests.DDTests" name="postTestUser" time="1.548"/>
  <testcase classname="api.tests.DDTests" name="postTestUser" time="1.834"/>
  <testcase classname="api.tests.DDTests" name="postTestUser" time="1.678"/>
  <testcase classname="api.tests.DDTests" name="deleteUsernames" time="1.525"/>
  <testcase classname="api.tests.DDTests" name="deleteUsernames" time="1.636"/>
  <testcase classname="api.tests.DDTests" name="deleteUsernames" time="1.738"/>
</testsuite> <!-- Test -->
