<?xml version="1.0" encoding="UTF-8"?>
<!-- Generated by org.testng.reporters.JUnitXMLReporter -->
<testsuite ignored="0" hostname="LAPTOP-Q750IRBE" failures="0" tests="10" name="Test" time="26.484" errors="0" timestamp="2023-07-07T22:45:37 IST">
  <testcase classname="api.tests.UserTest" name="testPostUser" time="5.091"/>
  <testcase classname="api.tests.UserTest" name="testGetUser" time="2.076"/>
  <testcase classname="api.tests.UserTest" name="testPutUser" time="3.578"/>
  <testcase classname="api.tests.UserTest" name="testDeleteUser" time="1.945"/>
  <testcase classname="api.tests.DDTests" name="postTestUser" time="1.886"/>
  <testcase classname="api.tests.DDTests" name="postTestUser" time="1.636"/>
  <testcase classname="api.tests.DDTests" name="postTestUser" time="2.353"/>
  <testcase classname="api.tests.DDTests" name="deleteUsernames" time="1.648"/>
  <testcase classname="api.tests.DDTests" name="deleteUsernames" time="1.842"/>
  <testcase classname="api.tests.DDTests" name="deleteUsernames" time="1.843"/>
</testsuite> <!-- Test -->
