<?xml version="1.0" encoding="UTF-8"?>
<testng-results ignored="0" total="10" passed="10" failed="0" skipped="0">
  <reporter-output>
  </reporter-output>
  <suite started-at="2023-07-07T22:45:10 IST" name="Suite" finished-at="2023-07-07T22:45:37 IST" duration-ms="26484">
    <groups>
    </groups>
    <test started-at="2023-07-07T22:45:10 IST" name="Test" finished-at="2023-07-07T22:45:37 IST" duration-ms="26484">
      <class name="api.tests.DDTests">
        <test-method signature="postTestUser(java.lang.String,java.lang.String,java.lang.String,java.lang.String,java.lang.String,java.lang.String,java.lang.String)[pri:1, instance:api.tests.DDTests@5f058f00]" started-at="2023-07-07T22:45:26 IST" name="postTestUser" data-provider="Data" finished-at="2023-07-07T22:45:27 IST" duration-ms="1886" status="PASS">
          <params>
            <param index="0">
              <value>
                <![CDATA[1010]]>
              </value>
            </param>
            <param index="1">
              <value>
                <![CDATA[testuser1]]>
              </value>
            </param>
            <param index="2">
              <value>
                <![CDATA[John]]>
              </value>
            </param>
            <param index="3">
              <value>
                <![CDATA[Canedy]]>
              </value>
            </param>
            <param index="4">
              <value>
                <![CDATA[a@gmail.com]]>
              </value>
            </param>
            <param index="5">
              <value>
                <![CDATA[test@1]]>
              </value>
            </param>
            <param index="6">
              <value>
                <![CDATA[1234567897]]>
              </value>
            </param>
          </params>
          <reporter-output>
          </reporter-output>
        </test-method> <!-- postTestUser -->
        <test-method signature="postTestUser(java.lang.String,java.lang.String,java.lang.String,java.lang.String,java.lang.String,java.lang.String,java.lang.String)[pri:1, instance:api.tests.DDTests@5f058f00]" started-at="2023-07-07T22:45:27 IST" name="postTestUser" data-provider="Data" finished-at="2023-07-07T22:45:29 IST" duration-ms="1636" status="PASS">
          <params>
            <param index="0">
              <value>
                <![CDATA[1020]]>
              </value>
            </param>
            <param index="1">
              <value>
                <![CDATA[testuser2]]>
              </value>
            </param>
            <param index="2">
              <value>
                <![CDATA[Kim]]>
              </value>
            </param>
            <param index="3">
              <value>
                <![CDATA[Kom]]>
              </value>
            </param>
            <param index="4">
              <value>
                <![CDATA[b@gmail.com]]>
              </value>
            </param>
            <param index="5">
              <value>
                <![CDATA[test@2]]>
              </value>
            </param>
            <param index="6">
              <value>
                <![CDATA[1234567897]]>
              </value>
            </param>
          </params>
          <reporter-output>
          </reporter-output>
        </test-method> <!-- postTestUser -->
        <test-method signature="postTestUser(java.lang.String,java.lang.String,java.lang.String,java.lang.String,java.lang.String,java.lang.String,java.lang.String)[pri:1, instance:api.tests.DDTests@5f058f00]" started-at="2023-07-07T22:45:29 IST" name="postTestUser" data-provider="Data" finished-at="2023-07-07T22:45:31 IST" duration-ms="2353" status="PASS">
          <params>
            <param index="0">
              <value>
                <![CDATA[1030]]>
              </value>
            </param>
            <param index="1">
              <value>
                <![CDATA[testuser3]]>
              </value>
            </param>
            <param index="2">
              <value>
                <![CDATA[Smith]]>
              </value>
            </param>
            <param index="3">
              <value>
                <![CDATA[Steve]]>
              </value>
            </param>
            <param index="4">
              <value>
                <![CDATA[c@gmail.com]]>
              </value>
            </param>
            <param index="5">
              <value>
                <![CDATA[test@3]]>
              </value>
            </param>
            <param index="6">
              <value>
                <![CDATA[1234567897]]>
              </value>
            </param>
          </params>
          <reporter-output>
          </reporter-output>
        </test-method> <!-- postTestUser -->
        <test-method signature="deleteUsernames(java.lang.String)[pri:2, instance:api.tests.DDTests@5f058f00]" started-at="2023-07-07T22:45:32 IST" name="deleteUsernames" data-provider="UserNames" finished-at="2023-07-07T22:45:33 IST" duration-ms="1648" status="PASS">
          <params>
            <param index="0">
              <value>
                <![CDATA[testuser1]]>
              </value>
            </param>
          </params>
          <reporter-output>
          </reporter-output>
        </test-method> <!-- deleteUsernames -->
        <test-method signature="deleteUsernames(java.lang.String)[pri:2, instance:api.tests.DDTests@5f058f00]" started-at="2023-07-07T22:45:33 IST" name="deleteUsernames" data-provider="UserNames" finished-at="2023-07-07T22:45:35 IST" duration-ms="1842" status="PASS">
          <params>
            <param index="0">
              <value>
                <![CDATA[testuser2]]>
              </value>
            </param>
          </params>
          <reporter-output>
          </reporter-output>
        </test-method> <!-- deleteUsernames -->
        <test-method signature="deleteUsernames(java.lang.String)[pri:2, instance:api.tests.DDTests@5f058f00]" started-at="2023-07-07T22:45:35 IST" name="deleteUsernames" data-provider="UserNames" finished-at="2023-07-07T22:45:37 IST" duration-ms="1843" status="PASS">
          <params>
            <param index="0">
              <value>
                <![CDATA[testuser3]]>
              </value>
            </param>
          </params>
          <reporter-output>
          </reporter-output>
        </test-method> <!-- deleteUsernames -->
      </class> <!-- api.tests.DDTests -->
      <class name="api.tests.UserTest">
        <test-method is-config="true" signature="setup()[pri:0, instance:api.tests.UserTest@20deea7f]" started-at="2023-07-07T22:45:11 IST" name="setup" finished-at="2023-07-07T22:45:11 IST" duration-ms="488" status="PASS">
          <reporter-output>
          </reporter-output>
        </test-method> <!-- setup -->
        <test-method signature="testPostUser()[pri:1, instance:api.tests.UserTest@20deea7f]" started-at="2023-07-07T22:45:11 IST" name="testPostUser" finished-at="2023-07-07T22:45:16 IST" duration-ms="5091" status="PASS">
          <reporter-output>
          </reporter-output>
        </test-method> <!-- testPostUser -->
        <test-method signature="testGetUser()[pri:2, instance:api.tests.UserTest@20deea7f]" started-at="2023-07-07T22:45:16 IST" name="testGetUser" finished-at="2023-07-07T22:45:18 IST" duration-ms="2076" status="PASS">
          <reporter-output>
          </reporter-output>
        </test-method> <!-- testGetUser -->
        <test-method signature="testPutUser()[pri:3, instance:api.tests.UserTest@20deea7f]" started-at="2023-07-07T22:45:18 IST" name="testPutUser" finished-at="2023-07-07T22:45:22 IST" duration-ms="3578" status="PASS">
          <reporter-output>
          </reporter-output>
        </test-method> <!-- testPutUser -->
        <test-method signature="testDeleteUser()[pri:4, instance:api.tests.UserTest@20deea7f]" started-at="2023-07-07T22:45:22 IST" name="testDeleteUser" finished-at="2023-07-07T22:45:24 IST" duration-ms="1945" status="PASS">
          <reporter-output>
          </reporter-output>
        </test-method> <!-- testDeleteUser -->
      </class> <!-- api.tests.UserTest -->
    </test> <!-- Test -->
  </suite> <!-- Suite -->
</testng-results>
