<?xml version="1.0" encoding="UTF-8"?>
<testng-results ignored="0" total="10" passed="10" failed="0" skipped="0">
  <reporter-output>
  </reporter-output>
  <suite started-at="2023-07-07T22:11:58 IST" name="Suite" finished-at="2023-07-07T22:12:20 IST" duration-ms="21702">
    <groups>
    </groups>
    <test started-at="2023-07-07T22:11:58 IST" name="Test" finished-at="2023-07-07T22:12:20 IST" duration-ms="21702">
      <class name="api.tests.UserTest">
        <test-method is-config="true" signature="setup()[pri:0, instance:api.tests.UserTest@a530d0a]" started-at="2023-07-07T22:11:58 IST" name="setup" finished-at="2023-07-07T22:11:59 IST" duration-ms="580" status="PASS">
          <reporter-output>
          </reporter-output>
        </test-method> <!-- setup -->
        <test-method signature="testPostUser()[pri:1, instance:api.tests.UserTest@a530d0a]" started-at="2023-07-07T22:11:59 IST" name="testPostUser" finished-at="2023-07-07T22:12:02 IST" duration-ms="3349" status="PASS">
          <reporter-output>
          </reporter-output>
        </test-method> <!-- testPostUser -->
        <test-method signature="testGetUser()[pri:2, instance:api.tests.UserTest@a530d0a]" started-at="2023-07-07T22:12:02 IST" name="testGetUser" finished-at="2023-07-07T22:12:04 IST" duration-ms="1753" status="PASS">
          <reporter-output>
          </reporter-output>
        </test-method> <!-- testGetUser -->
        <test-method signature="testPutUser()[pri:3, instance:api.tests.UserTest@a530d0a]" started-at="2023-07-07T22:12:04 IST" name="testPutUser" finished-at="2023-07-07T22:12:08 IST" duration-ms="3529" status="PASS">
          <reporter-output>
          </reporter-output>
        </test-method> <!-- testPutUser -->
        <test-method signature="testDeleteUser()[pri:4, instance:api.tests.UserTest@a530d0a]" started-at="2023-07-07T22:12:08 IST" name="testDeleteUser" finished-at="2023-07-07T22:12:09 IST" duration-ms="1235" status="PASS">
          <reporter-output>
          </reporter-output>
        </test-method> <!-- testDeleteUser -->
      </class> <!-- api.tests.UserTest -->
      <class name="api.tests.DDTests">
        <test-method signature="postTestUser(java.lang.String,java.lang.String,java.lang.String,java.lang.String,java.lang.String,java.lang.String,java.lang.String)[pri:1, instance:api.tests.DDTests@1af2d44a]" started-at="2023-07-07T22:12:10 IST" name="postTestUser" data-provider="Data" finished-at="2023-07-07T22:12:11 IST" duration-ms="1548" status="PASS">
          <params>
            <param index="0">
              <value>
                <![CDATA[1010]]>
              </value>
            </param>
            <param index="1">
              <value>
                <![CDATA[testuser1]]>
              </value>
            </param>
            <param index="2">
              <value>
                <![CDATA[John]]>
              </value>
            </param>
            <param index="3">
              <value>
                <![CDATA[Canedy]]>
              </value>
            </param>
            <param index="4">
              <value>
                <![CDATA[a@gmail.com]]>
              </value>
            </param>
            <param index="5">
              <value>
                <![CDATA[test@1]]>
              </value>
            </param>
            <param index="6">
              <value>
                <![CDATA[1234567897]]>
              </value>
            </param>
          </params>
          <reporter-output>
          </reporter-output>
        </test-method> <!-- postTestUser -->
        <test-method signature="postTestUser(java.lang.String,java.lang.String,java.lang.String,java.lang.String,java.lang.String,java.lang.String,java.lang.String)[pri:1, instance:api.tests.DDTests@1af2d44a]" started-at="2023-07-07T22:12:11 IST" name="postTestUser" data-provider="Data" finished-at="2023-07-07T22:12:13 IST" duration-ms="1834" status="PASS">
          <params>
            <param index="0">
              <value>
                <![CDATA[1020]]>
              </value>
            </param>
            <param index="1">
              <value>
                <![CDATA[testuser2]]>
              </value>
            </param>
            <param index="2">
              <value>
                <![CDATA[Kim]]>
              </value>
            </param>
            <param index="3">
              <value>
                <![CDATA[Kom]]>
              </value>
            </param>
            <param index="4">
              <value>
                <![CDATA[b@gmail.com]]>
              </value>
            </param>
            <param index="5">
              <value>
                <![CDATA[test@2]]>
              </value>
            </param>
            <param index="6">
              <value>
                <![CDATA[1234567897]]>
              </value>
            </param>
          </params>
          <reporter-output>
          </reporter-output>
        </test-method> <!-- postTestUser -->
        <test-method signature="postTestUser(java.lang.String,java.lang.String,java.lang.String,java.lang.String,java.lang.String,java.lang.String,java.lang.String)[pri:1, instance:api.tests.DDTests@1af2d44a]" started-at="2023-07-07T22:12:13 IST" name="postTestUser" data-provider="Data" finished-at="2023-07-07T22:12:15 IST" duration-ms="1678" status="PASS">
          <params>
            <param index="0">
              <value>
                <![CDATA[1030]]>
              </value>
            </param>
            <param index="1">
              <value>
                <![CDATA[testuser3]]>
              </value>
            </param>
            <param index="2">
              <value>
                <![CDATA[Smith]]>
              </value>
            </param>
            <param index="3">
              <value>
                <![CDATA[Steve]]>
              </value>
            </param>
            <param index="4">
              <value>
                <![CDATA[c@gmail.com]]>
              </value>
            </param>
            <param index="5">
              <value>
                <![CDATA[test@3]]>
              </value>
            </param>
            <param index="6">
              <value>
                <![CDATA[1234567897]]>
              </value>
            </param>
          </params>
          <reporter-output>
          </reporter-output>
        </test-method> <!-- postTestUser -->
        <test-method signature="deleteUsernames(java.lang.String)[pri:2, instance:api.tests.DDTests@1af2d44a]" started-at="2023-07-07T22:12:15 IST" name="deleteUsernames" data-provider="UserNames" finished-at="2023-07-07T22:12:16 IST" duration-ms="1525" status="PASS">
          <params>
            <param index="0">
              <value>
                <![CDATA[testuser1]]>
              </value>
            </param>
          </params>
          <reporter-output>
          </reporter-output>
        </test-method> <!-- deleteUsernames -->
        <test-method signature="deleteUsernames(java.lang.String)[pri:2, instance:api.tests.DDTests@1af2d44a]" started-at="2023-07-07T22:12:16 IST" name="deleteUsernames" data-provider="UserNames" finished-at="2023-07-07T22:12:18 IST" duration-ms="1636" status="PASS">
          <params>
            <param index="0">
              <value>
                <![CDATA[testuser2]]>
              </value>
            </param>
          </params>
          <reporter-output>
          </reporter-output>
        </test-method> <!-- deleteUsernames -->
        <test-method signature="deleteUsernames(java.lang.String)[pri:2, instance:api.tests.DDTests@1af2d44a]" started-at="2023-07-07T22:12:18 IST" name="deleteUsernames" data-provider="UserNames" finished-at="2023-07-07T22:12:20 IST" duration-ms="1738" status="PASS">
          <params>
            <param index="0">
              <value>
                <![CDATA[testuser3]]>
              </value>
            </param>
          </params>
          <reporter-output>
          </reporter-output>
        </test-method> <!-- deleteUsernames -->
      </class> <!-- api.tests.DDTests -->
    </test> <!-- Test -->
  </suite> <!-- Suite -->
</testng-results>
